<?xml version="1.0" encoding="UTF-8"?>
<!-- Generated by org.testng.reporters.JUnitReportReporter -->
<testsuite skipped="0" hostname="LP1-AP-51807418" name="com.calendar.test.AddEvent" tests="2" failures="0" timestamp="12 Aug 2019 11:50:39 GMT" time="83.262" errors="0">
  <testcase name="creatNewEvent" time="42.660" classname="com.calendar.test.AddEvent"/>
  <testcase name="creatNewEvent" time="40.602" classname="com.calendar.test.AddEvent"/>
</testsuite> <!-- com.calendar.test.AddEvent -->
