<?xml version="1.0" encoding="UTF-8"?>
<!-- Generated by org.testng.reporters.JUnitReportReporter -->
<testsuite skipped="0" hostname="LP1-AP-51807418" name="com.calendar.test.VerifyTitle" tests="1" failures="0" timestamp="13 Aug 2019 07:31:29 GMT" time="10.391" errors="0">
  <testcase name="verifyAdd" time="10.391" classname="com.calendar.test.VerifyTitle"/>
</testsuite> <!-- com.calendar.test.VerifyTitle -->
