<?xml version="1.0" encoding="UTF-8"?>
<!-- Generated by org.testng.reporters.JUnitReportReporter -->
<testsuite skipped="0" hostname="LP1-AP-51807418" name="com.calendar.test.AddEvent" tests="2" failures="0" timestamp="21 Aug 2019 06:56:03 GMT" time="84.190" errors="0">
  <testcase name="creatNewEvent" time="41.196" classname="com.calendar.test.AddEvent"/>
  <testcase name="creatNewEvent" time="42.994" classname="com.calendar.test.AddEvent"/>
</testsuite> <!-- com.calendar.test.AddEvent -->
