<?xml version="1.0" encoding="UTF-8"?>
<!-- Generated by org.testng.reporters.JUnitReportReporter -->
<testsuite skipped="0" hostname="LP1-AP-51807418" name="com.calendar.test.AddEvent" tests="2" failures="0" timestamp="13 Aug 2019 07:31:29 GMT" time="77.529" errors="0">
  <testcase name="creatNewEvent" time="35.499" classname="com.calendar.test.AddEvent"/>
  <testcase name="creatNewEvent" time="42.030" classname="com.calendar.test.AddEvent"/>
</testsuite> <!-- com.calendar.test.AddEvent -->
